[debug] [2018-01-08T08:11:56.560Z] ----------------------------------------------------------------------
[debug] [2018-01-08T08:11:56.566Z] Command:       C:\Program Files\nodejs\node.exe C:\Users\2106-User\AppData\Roaming\npm\node_modules\firebase-tools\bin\firebase serve
[debug] [2018-01-08T08:11:56.567Z] CLI Version:   3.16.0
[debug] [2018-01-08T08:11:56.567Z] Platform:      win32
[debug] [2018-01-08T08:11:56.567Z] Node Version:  v8.9.4
[debug] [2018-01-08T08:11:56.568Z] Time:          Mon Jan 08 2018 16:11:56 GMT+0800 (台北標準時間)
[debug] [2018-01-08T08:11:56.569Z] ----------------------------------------------------------------------
[debug] 
[debug] [2018-01-08T08:11:56.634Z] > command requires scopes: ["email","openid","https://www.googleapis.com/auth/cloudplatformprojects.readonly","https://www.googleapis.com/auth/firebase","https://www.googleapis.com/auth/cloud-platform"]
[debug] [2018-01-08T08:11:56.635Z] > authorizing via signed-in user
[debug] [2018-01-08T08:11:56.641Z] >>> HTTP REQUEST GET https://admin.firebase.com/v1/projects/nutc106-1project  
  
 Mon Jan 08 2018 16:11:56 GMT+0800 (台北標準時間)
[debug] [2018-01-08T08:11:57.767Z] <<< HTTP RESPONSE 200
[debug] [2018-01-08T08:11:57.769Z] >>> HTTP REQUEST GET https://admin.firebase.com/v1/database/nutc106-1project/tokens  
  
 Mon Jan 08 2018 16:11:57 GMT+0800 (台北標準時間)
[debug] [2018-01-08T08:11:58.754Z] <<< HTTP RESPONSE 200
[info] 
[info] === Serving from 'F:\Workspace\PHP-GAE\JJ\firebase'...
[info] 
[debug] [2018-01-08T08:11:58.763Z] >>> HTTP REQUEST GET https://cloudresourcemanager.googleapis.com/v1/projects/nutc106-1project  
  
 Mon Jan 08 2018 16:11:58 GMT+0800 (台北標準時間)
[debug] [2018-01-08T08:11:59.937Z] <<< HTTP RESPONSE 200
[debug] [2018-01-08T08:11:59.940Z] >>> HTTP REQUEST GET https://mobilesdk-pa.googleapis.com/v1/projects/640934542046/clients/_:getWebAppConfig  
  
 Mon Jan 08 2018 16:11:59 GMT+0800 (台北標準時間)
[debug] [2018-01-08T08:12:01.289Z] <<< HTTP RESPONSE 200
[info] +  hosting: Local server: http://localhost:5000

